[INFO]  JReleaser 1.14.0
------------------------------------------------------------
jreleaser 1.14.0
------------------------------------------------------------
Build time:   2024-08-31 06:25:38Z
Revision:     4a8bb20f77d2aced0e1865698c484c2a6cf25e7b
JVM:          17.0.13 (Azul Systems, Inc. 17.0.13+11-LTS)
------------------------------------------------------------
[INFO]  Configuring with jreleaser.yml
[INFO]    - basedir set to /home/andrew/college/cs_425/prj/chipubapp
[INFO]    - outputdir set to /home/andrew/college/cs_425/prj/chipubapp/out/jreleaser
[INFO]  Reading configuration
[DEBUG]   - basedir set to /home/andrew/college/cs_425/prj/chipubapp
[DEBUG]   - baseOutputDirectory set to /home/andrew/college/cs_425/prj/chipubapp/out
[DEBUG]   - outputDirectory set to /home/andrew/college/cs_425/prj/chipubapp/out/jreleaser
[DEBUG]   - checksumDirectory set to /home/andrew/college/cs_425/prj/chipubapp/out/jreleaser/checksums
[DEBUG]   - catalogsDirectory set to /home/andrew/college/cs_425/prj/chipubapp/out/jreleaser/catalogs
[DEBUG]   - signaturesDirectory set to /home/andrew/college/cs_425/prj/chipubapp/out/jreleaser/signatures
[DEBUG]   - prepareDirectory set to /home/andrew/college/cs_425/prj/chipubapp/out/jreleaser/prepare
[DEBUG]   - packageDirectory set to /home/andrew/college/cs_425/prj/chipubapp/out/jreleaser/package
[DEBUG]   - downloadDirectory set to /home/andrew/college/cs_425/prj/chipubapp/out/jreleaser/download
[DEBUG]   - assembleDirectory set to /home/andrew/college/cs_425/prj/chipubapp/out/jreleaser/assemble
[DEBUG]   - artifactsDirectory set to /home/andrew/college/cs_425/prj/chipubapp/out/jreleaser/artifacts
[DEBUG]   - deployDirectory set to /home/andrew/college/cs_425/prj/chipubapp/out/jreleaser/deploy
[INFO]  git-root-search set to false
[INFO]  Loading variables from /home/andrew/.jreleaser/config.properties
[WARN]  Variables source /home/andrew/.jreleaser/config.properties does not exist
[DEBUG] The following variables are defined in the current environment:
[DEBUG]   JRELEASER_HOME
[DEBUG]   JRELEASER_PROJECT_VERSION
[INFO]  Validating configuration
[INFO]  Strict mode set to false
[DEBUG]   [validation] --== ASSEMBLE ==--
[DEBUG]   [validation] hooks
[DEBUG]   [validation] hooks.command
[DEBUG]   [validation] - disabled
[DEBUG]   [validation] hooks.script
[DEBUG]   [validation] - disabled
[DEBUG]   [validation] - disabled
[DEBUG]   [validation] project
[DEBUG]   [validation] project.java
[DEBUG]   [validation] download
[DEBUG]   [validation] catalog.swid
[DEBUG]   [validation] catalog.swid.swid-tag
[DEBUG]   [validation] assemble
[DEBUG]   [validation] assemble.jlink
[DEBUG]   [validation] assemble.jlink.chipubapp
[DEBUG]   [validation] assemble.jlink.chipubapp.java
[DEBUG]   [validation] - disabled
[DEBUG]   [validation] signing
[DEBUG]   [validation] - disabled
[DEBUG]   [validation] checksum
[DEBUG]   [validation] deploy
[DEBUG]   [validation] deploy.maven
[DEBUG]   [validation] upload
[DEBUG]   [validation] catalog
[DEBUG]   [validation] catalog.sbom
[DEBUG]   [validation] catalog.sbom.cyclonedx
[DEBUG]   [validation] - disabled
[DEBUG]   [validation] catalog.sbom.syft
[DEBUG]   [validation] - disabled
[DEBUG]   [validation] catalog.github
[DEBUG]   [validation] - disabled
[DEBUG]   [validation] catalog.slsa
[DEBUG]   [validation] - disabled
[DEBUG]   [validation] announce
[DEBUG]   [validation] - disabled
[DEBUG]   [postvalidation] project
[DEBUG]   [postvalidation] assemble
[DEBUG]   [postvalidation] assemble.jpackage
environment:
    properties:
        jdkPathPrefix: target/jdks
        jdkFilePrefix: zulu17.32.13-ca-jdk17.0.2
 
hooks:
    enabled: false
    active: NEVER
    command:
        enabled: false
        active: NEVER
    script:
        enabled: false
        active: NEVER
 
project:
    name: chipub
    version: 0.1
    versionPattern: SEMVER
    snapshot:
        enabled: false
        pattern: .*-SNAPSHOT
        label: early-access
        fullChangelog: false
    description: A small cli for interacting with the Chicago Public Library database system.
    longDescription: A small cli for interacting with the Chicago Public Library database system.
    license: MIT
    inceptionYear: 2024
    copyright: 2024 Kels Cavin, Peter Capuzzi, Andrew Chang-DeWitt
    authors:
        Kels Cavin
        Peter Capuzzi
        Andrew Chang-DeWitt
    stereotype: CLI
    links:
        homepage: https://github.com/kelzzzz/CS425-ChiPub
        documentation: https://github.com/kelzzzz/CS425-ChiPub
        license: https://spdx.org/licenses/MIT.html
        bugTracker: https://{{repoHost}}/{{repoOwner}}/{{repoName}}/issues
        vcsBrowser: https://{{repoHost}}/{{repoOwner}}/{{repoName}}
    java:
        enabled: true
        version: 11
        groupId: org.iitcs
        artifactId: chipubapp
        mainClass: org.iitcs.Main
        jvmOptions:
        environmentVariables:
        multiProject: false
 
platform:
 
release:
    github:
        enabled: false
        host: github.com
        token: **unset**
        artifacts: true
        files: true
        checksums: true
        catalogs: true
        signatures: true
        repoUrl: https://{{repoHost}}/{{repoOwner}}/{{repoName}}
        repoCloneUrl: https://{{repoHost}}/{{repoOwner}}/{{repoName}}.git
        commitUrl: https://{{repoHost}}/{{repoOwner}}/{{repoName}}/commits
        srcUrl: https://{{repoHost}}/{{repoOwner}}/{{repoName}}/blob/{{repoBranch}}
        downloadUrl: https://{{repoHost}}/{{repoOwner}}/{{repoName}}/releases/download/{{tagName}}/{{artifactFile}}
        releaseNotesUrl: https://{{repoHost}}/{{repoOwner}}/{{repoName}}/releases/tag/{{tagName}}
        latestReleaseUrl: https://{{repoHost}}/{{repoOwner}}/{{repoName}}/releases/latest
        issueTrackerUrl: https://{{repoHost}}/{{repoOwner}}/{{repoName}}/issues
        commitAuthor:
        sign: false
        skipTag: false
        skipRelease: false
        overwrite: true
        update:
            enabled: false
        apiEndpoint: https://api.github.com
        connectTimeout: 0
        readTimeout: 0
        changelog:
            enabled: false
            append:
                enabled: false
            links: false
            skipMergeCommits: false
            formatted: ALWAYS
            preset: conventional-commits
            hide:
            contributors:
                format: - {{contributorName}}{{#contributorUsernameAsLink}} ({{.}}){{/contributorUsernameAsLink}}
        milestone:
            close: true
        issues:
            enabled: false
            label:
        prerelease:
            enabled: false
        draft: false
        releaseNotes:
            enabled: false
 
checksum:
    name: checksums.txt
    individual: false
    algorithms:
        SHA_256
    artifacts: true
    files: true
 
signing:
    enabled: false
    active: NEVER
    armored: false
    verify: true
    artifacts: true
    files: true
    checksums: true
    catalogs: true
    passphrase: **unset**
    publicKey: **unset**
    secretKey: **unset**
 
announce:
    enabled: true
    article:
        enabled: false
        commitAuthor:
        repository:
            enabled: false
            name: article
            token: **unset**
    bluesky:
        enabled: false
        handle: **unset**
        password: **unset**
    discord:
        enabled: false
        webhook: **unset**
    discourse:
        enabled: false
        apiKey: **unset**
        username: **unset**
    discussions:
        enabled: false
    gitter:
        enabled: false
        webhook: **unset**
    googlechat:
        enabled: false
        webhook: **unset**
    linkedin:
        enabled: false
        owner: **unset**
        accessToken: **unset**
    smtp:
        enabled: false
        auth: false
        password: **unset**
    mastodon:
        enabled: false
        accessToken: **unset**
    mattermost:
        enabled: false
        webhook: **unset**
        structuredMessage: true
    opencollective:
        enabled: false
        token: **unset**
    sdkman:
        enabled: false
        consumerKey: **unset**
        consumerToken: **unset**
    slack:
        enabled: false
        webhook: **unset**
        token: **unset**
    teams:
        enabled: false
        webhook: **unset**
    telegram:
        enabled: false
        token: **unset**
        chatId: **unset**
    twitter:
        enabled: false
        consumerKey: **unset**
        consumerSecret: **unset**
        accessToken: **unset**
        accessTokenSecret: **unset**
    zulip:
        enabled: false
        apiKey: **unset**
 
packagers:
    appimage:
        enabled: false
        continueOnError: false
        commitAuthor:
        requiresTerminal: false
        repository:
            enabled: false
            name: appimage
            token: **unset**
    asdf:
        enabled: false
        continueOnError: false
        commitAuthor:
        repository:
            enabled: false
            name: asdf
            token: **unset**
    brew:
        enabled: false
        continueOnError: false
        commitAuthor:
        multiPlatform: false
        repository:
            enabled: false
            name: homebrew-tap
            token: **unset**
        cask:
            enabled: false
    chocolatey:
        enabled: false
        continueOnError: false
        commitAuthor:
        apiKey: **unset**
        remoteBuild: false
        repository:
            enabled: false
            name: chocolatey-bucket
            token: **unset**
    docker:
        enabled: false
        useLocalArtifact: true
        buildx:
            enabled: false
            createBuilder: true
        commitAuthor:
        repository:
            enabled: false
            name: docker
            token: **unset**
            versionedSubfolders: false
        continueOnError: false
    flatpak:
        enabled: false
        continueOnError: false
        commitAuthor:
        repository:
            enabled: false
            name: flatpak
            token: **unset**
    gofish:
        enabled: false
        continueOnError: false
        commitAuthor:
        repository:
            enabled: false
            name: fish-food
            token: **unset**
    jbang:
        enabled: false
        continueOnError: false
        commitAuthor:
        repository:
            enabled: false
            name: jbang-catalog
            token: **unset**
    jib:
        enabled: false
        commitAuthor:
        repository:
            enabled: false
            name: jib
            token: **unset**
            versionedSubfolders: false
        continueOnError: false
    macports:
        enabled: false
        continueOnError: false
        commitAuthor:
        repository:
            enabled: false
            name: macports
            token: **unset**
    scoop:
        enabled: false
        continueOnError: false
        commitAuthor:
        repository:
            enabled: false
            name: scoop
            token: **unset**
    sdkman:
        enabled: false
        continueOnError: false
        connectTimeout: 0
        readTimeout: 0
        consumerKey: **unset**
        consumerToken: **unset**
    snap:
        enabled: false
        continueOnError: false
        commitAuthor:
        remoteBuild: false
        repository:
            enabled: false
            name: snap
            token: **unset**
    spec:
        enabled: false
        continueOnError: false
        commitAuthor:
        repository:
            enabled: false
            name: spec
            token: **unset**
    winget:
        enabled: false
        continueOnError: false
        commitAuthor:
        package:
        publisher:
        installer:
            type: WIX
            scope: MACHINE
            upgradeBehavior: INSTALL
            dependencies:
        repository:
            enabled: false
            name: winget
            token: **unset**
 
download:
    enabled: true
 
assemble:
    enabled: true
    active: ALWAYS
    jlink:
        chipubapp:
            enabled: true
            exported: true
            active: ALWAYS
            stereotype: CLI
            platform:
            executable: chipubapp
            mainJar:
                enabled: true
                active: ALWAYS
                path: target/{{distributionName}}-{{projectVersion}}.jar
            java:
                enabled: true
                version: 11
                groupId: org.iitcs
                artifactId: chipubapp
                mainClass: org.iitcs.Main
                jvmOptions:
                environmentVariables:
                multiProject: false
            imageName: {{distributionName}}-{{projectVersion}}
            archiveFormat: ZIP
            options:
                timestamp: 2024-10-25T06:53:41.396345394-05:00[America/Chicago]
                longFileMode: ERROR
                bigNumberMode: ERROR
            args:
                --no-header-files
                --no-man-pages
                --strip-debug
            jdeps:
                enabled: true
                ignoreMissingDeps: false
                useWildcardInPath: true
            jdk:
                enabled: true
                active: ALWAYS
                path: {{jdkPathPrefix}}/zulu17LinuxIntel/{{jdkFilePrefix}}-linux_x64
                platform: linux-x86_64
            targetJdks:
                jdk 0:
                    enabled: true
                    active: ALWAYS
                    path: {{jdkPathPrefix}}/zulu17LinuxArm/{{jdkFilePrefix}}-linux_aarch64
                    platform: linux-aarch_64
                jdk 1:
                    enabled: true
                    active: ALWAYS
                    path: {{jdkPathPrefix}}/zulu17LinuxIntel/{{jdkFilePrefix}}-linux_x64
                    platform: linux-x86_64
                jdk 2:
                    enabled: true
                    active: ALWAYS
                    path: {{jdkPathPrefix}}/zulu17LinuxMuslIntel/{{jdkFilePrefix}}-linux_musl_x64
                    platform: linux_musl-x86_64
                jdk 3:
                    enabled: true
                    active: ALWAYS
                    path: {{jdkPathPrefix}}/zulu17OsxArm/{{jdkFilePrefix}}-macosx_aarch64/zulu-17.jdk/Contents/Home
                    platform: osx-aarch_64
                jdk 4:
                    enabled: true
                    active: ALWAYS
                    path: {{jdkPathPrefix}}/zulu17OsxIntel/{{jdkFilePrefix}}-macosx_x64/zulu-17.jdk/Contents/Home
                    platform: osx-x86_64
                jdk 5:
                    enabled: true
                    active: ALWAYS
                    path: {{jdkPathPrefix}}/zulu17WindowsArm/{{jdkFilePrefix}}-win_aarch64
                    platform: windows-aarch_64
                jdk 6:
                    enabled: true
                    active: ALWAYS
                    path: {{jdkPathPrefix}}/zulu17WindowsIntel/{{jdkFilePrefix}}-win_x64
                    platform: windows-x86_64
            copyJars: true
            templateDirectory: src/jreleaser/assemblers/chipubapp/jlink
            swid:
                enabled: false
                corpus: false
                patch: false
 
deploy:
    enabled: true
    maven:
        enabled: true
        pomchecker:
            version: 1.12.0
            failOnWarning: true
            failOnError: true
 
upload:
    enabled: true
 
catalog:
    enabled: true
    github:
        enabled: false
        active: NEVER
        artifacts: true
        files: true
        deployables: true
    sbom:
        enabled: true
        cyclonedx:
            enabled: false
            active: NEVER
            distributions: false
            files: false
            pack:
                enabled: false
        syft:
            enabled: false
            active: NEVER
            distributions: false
            files: false
            pack:
                enabled: false
    slsa:
        enabled: false
        active: NEVER
        artifacts: true
        files: true
        deployables: true
    swid:
        enabled: false
        active: NEVER
        name: swid-tag
        path: SWIDTAG
        tagId: 24729ce8-a4a3-3df2-97a6-7b9d951c305b
        tagVersion: 1
        lang: en-US
        corpus: false
        patch: false
        entities:
            entity 0:
                name: chipub
                regid: https://github.com/kelzzzz/CS425-ChiPub
                roles:
                    softwareCreator
                    tagCreator
 
[INFO]  Project version set to 0.1
[INFO]  Release is not snapshot
[INFO]  Timestamp is 2024-10-25T06:53:41.396345394-05:00
[INFO]  Platform is linux-x86_64
[DEBUG] loading extension default-jreleaser-mustache:org.jreleaser.extensions.internal.mustache.DefaultMustacheExtension
[DEBUG] adding org.jreleaser.extensions.internal.mustache.DefaultMustacheExtensionPoint from default-jreleaser-mustache extension
[INFO]  dry-run set to false
[INFO]  Assembling distributions
[INFO]    [assemble] Assembling all distributions
[INFO]      [jlink] Assembling chipubapp distribution
[DEBUG]     [jlink] creating props for jlink/chipubapp
[DEBUG]     [jlink] filling git properties into props
[DEBUG]     [jlink] filling assembler properties into props
[INFO]  Writing output properties to out/jreleaser/output.properties
[ERROR] JReleaser failed after 0.152 s
org.jreleaser.model.JReleaserException: Invalid JDK /home/andrew/college/cs_425/prj/chipubapp/target/jdks/zulu17LinuxIntel/zulu17.32.13-ca-jdk17.0.2-linux_x64 release file not found
	at org.jreleaser.engine.assemble.Assemblers.assemble(Assemblers.java:161)
	at org.jreleaser.engine.assemble.Assemblers.doAssemble(Assemblers.java:138)
	at org.jreleaser.engine.assemble.Assemblers.assemble(Assemblers.java:56)
	at org.jreleaser.workflow.AssembleWorkflowItem.doInvoke(AssembleWorkflowItem.java:35)
	at org.jreleaser.workflow.AbstractWorkflowItem.lambda$invoke$0(AbstractWorkflowItem.java:43)
	at org.jreleaser.engine.hooks.HookExecutor.execute(HookExecutor.java:70)
	at org.jreleaser.workflow.AbstractWorkflowItem.invoke(AbstractWorkflowItem.java:43)
	at org.jreleaser.workflow.WorkflowImpl.doExecute(WorkflowImpl.java:129)
	at org.jreleaser.workflow.WorkflowImpl.execute(WorkflowImpl.java:54)
	at org.jreleaser.cli.Assemble.doExecute(Assemble.java:100)
	at org.jreleaser.cli.AbstractModelCommand.execute(AbstractModelCommand.java:90)
	at org.jreleaser.cli.AbstractCommand.call(AbstractCommand.java:52)
	at org.jreleaser.cli.AbstractCommand.call(AbstractCommand.java:37)
	at picocli.CommandLine.executeUserObject(CommandLine.java:2045)
	at picocli.CommandLine.access$1500(CommandLine.java:148)
	at picocli.CommandLine$RunLast.executeUserObjectOfLastSubcommandWithSameParent(CommandLine.java:2465)
	at picocli.CommandLine$RunLast.handle(CommandLine.java:2457)
	at picocli.CommandLine$RunLast.handle(CommandLine.java:2419)
	at picocli.CommandLine$AbstractParseResultHandler.execute(CommandLine.java:2277)
	at picocli.CommandLine$RunLast.execute(CommandLine.java:2421)
	at picocli.CommandLine.execute(CommandLine.java:2174)
	at org.jreleaser.cli.Main.execute(Main.java:98)
	at org.jreleaser.cli.Main.run(Main.java:81)
	at org.jreleaser.cli.Main.main(Main.java:70)
Caused by: org.jreleaser.model.spi.assemble.AssemblerProcessingException: Invalid JDK /home/andrew/college/cs_425/prj/chipubapp/target/jdks/zulu17LinuxIntel/zulu17.32.13-ca-jdk17.0.2-linux_x64 release file not found
	at org.jreleaser.assemblers.AssemblerUtils.readJavaVersion(AssemblerUtils.java:54)
	at org.jreleaser.assemblers.JlinkAssemblerProcessor.doAssemble(JlinkAssemblerProcessor.java:123)
	at org.jreleaser.assemblers.AbstractAssemblerProcessor.assemble(AbstractAssemblerProcessor.java:104)
	at org.jreleaser.engine.assemble.DistributionAssembler.assemble(DistributionAssembler.java:62)
	at org.jreleaser.engine.assemble.Assemblers.assemble(Assemblers.java:155)
	... 23 more
